<?xml version="1.0" encoding="UTF-8"?>
<!-- Generated by org.testng.reporters.JUnitReportReporter -->
<testsuite skipped="0" hostname="admin-PC" name="testRunner.JunitRunner" tests="1" failures="0" timestamp="08 Oct 2020 23:10:44 GMT" time="25.550" errors="0">
  <testcase name="feature" time="25.550" classname="testRunner.JunitRunner"/>
</testsuite> <!-- testRunner.JunitRunner -->
